
> medplum-nextauth-demo@4.0.4 build
> next build

 ⚠ Invalid next.config.mjs options detected: 
 ⚠     Unrecognized key(s) in object: 'swcMinify'
 ⚠ See more info here: https://nextjs.org/docs/messages/invalid-next-config
⚠ No build cache found. Please configure build caching for faster rebuilds. Read more: https://nextjs.org/docs/messages/no-cache
Attention: Next.js now collects completely anonymous telemetry regarding usage.
This information is used to shape Next.js' roadmap and prioritize features.
You can learn more, including how to opt-out if you'd not like to participate in this anonymous program, by visiting the following URL:
https://nextjs.org/telemetry

   ▲ Next.js 15.2.3

   Creating an optimized production build ...
 ✓ Compiled successfully
   Linting and checking validity of types ...

 ⚠ The Next.js plugin was not detected in your ESLint configuration. See https://nextjs.org/docs/app/api-reference/config/eslint#migrating-existing-config
   Collecting page data ...
   Generating static pages (0/4) ...
   Generating static pages (1/4) 
   Generating static pages (2/4) 
   Generating static pages (3/4) 
 ✓ Generating static pages (4/4)
   Finalizing page optimization ...
   Collecting build traces ...

Route (app)                                 Size  First Load JS
┌ ƒ /                                    1.93 kB         262 kB
├ ○ /_not-found                            979 B         102 kB
└ ƒ /api/auth/[...nextauth]                137 B         101 kB
+ First Load JS shared by all             101 kB
  ├ chunks/315-1ae42db86b682685.js       45.9 kB
  ├ chunks/87c73c54-36345e793d8d7225.js  53.3 kB
  └ other shared chunks (total)          1.85 kB


ƒ Middleware                               58 kB

○  (Static)   prerendered as static content
ƒ  (Dynamic)  server-rendered on demand

